<?xml version="1.0" encoding="UTF-8"?>
<testsuite name="com.currency.gateway.FixerClientTests" tests="2" skipped="0" failures="0" errors="0" timestamp="2024-07-28T15:18:42" hostname="C02FD74CMD6R" time="0.11">
  <properties/>
  <testcase name="getLatestRatesTest()" classname="com.currency.gateway.FixerClientTests" time="0.098"/>
  <testcase name="getCurrenciesTest()" classname="com.currency.gateway.FixerClientTests" time="0.005"/>
  <system-out><![CDATA[2024-07-28T18:18:42.751+03:00  INFO 31553 --- [CurrencyGateway] [    Test worker] t.c.s.AnnotationConfigContextLoaderUtils : Could not detect default configuration classes for test class [com.currency.gateway.FixerClientTests]: FixerClientTests does not declare any static, non-private, non-final, nested classes annotated with @Configuration.
2024-07-28T18:18:43.073+03:00  INFO 31553 --- [CurrencyGateway] [    Test worker] c.currency.gateway.client.FixerClient    : Getting latest currency exchange rates. URL: http://data.fixer.io/api/latest?access_key=test_access_key
2024-07-28T18:18:43.101+03:00  INFO 31553 --- [CurrencyGateway] [    Test worker] c.currency.gateway.client.FixerClient    : Getting currencies. URL: http://data.fixer.io/api/symbols?access_key=test_access_key
]]></system-out>
  <system-err><![CDATA[]]></system-err>
</testsuite>
